<?xml version="1.0" encoding="UTF-8"?>
<!-- Generated by org.testng.reporters.JUnitXMLReporter -->
<testsuite ignored="0" hostname="DESKTOP-RG6HM4D" failures="0" tests="11" name="Surefire test" time="79.657" errors="0" timestamp="2023-04-30T10:15:12 IST">
  <testcase classname="org.example.AppTest" name="LoginVerification" time="19.908"/>
  <testcase classname="org.example.AppTest" name="InfoButton" time="8.265"/>
  <testcase classname="org.example.AppTest" name="ExploreButton" time="5.276"/>
  <testcase classname="org.example.AppTest" name="SearchButton" time="16.744"/>
  <testcase classname="org.example.AppTest" name="MessageButton" time="12.372"/>
  <testcase classname="org.example.AppTest" name="postButton" time="5.485"/>
  <testcase classname="org.example.AppTest" name="likComm" time="2.252"/>
  <testcase classname="org.example.AppTest" name="Comment" time="7.429"/>
  <testcase classname="org.example.AppTest" name="closeButton" time="0.17"/>
  <testcase classname="org.example.AppTest" name="more" time="1.344"/>
  <testcase classname="org.example.AppTest" name="close" time="0.358"/>
</testsuite> <!-- Surefire test -->
