<?xml version="1.0" encoding="UTF-8"?>
<testng-results ignored="0" total="11" passed="11" failed="0" skipped="0">
  <reporter-output>
  </reporter-output>
  <suite started-at="2023-04-30T10:13:52 IST" name="Surefire suite" finished-at="2023-04-30T10:15:12 IST" duration-ms="79657">
    <groups>
    </groups>
    <test started-at="2023-04-30T10:13:52 IST" name="Surefire test" finished-at="2023-04-30T10:15:12 IST" duration-ms="79657">
      <class name="org.example.AppTest">
        <test-method signature="LoginVerification()[pri:1, instance:org.example.AppTest@34dc85a]" started-at="2023-04-30T10:13:52 IST" name="LoginVerification" finished-at="2023-04-30T10:14:12 IST" duration-ms="19908" status="PASS">
          <reporter-output>
          </reporter-output>
        </test-method> <!-- LoginVerification -->
        <test-method signature="InfoButton()[pri:2, instance:org.example.AppTest@34dc85a]" started-at="2023-04-30T10:14:12 IST" name="InfoButton" finished-at="2023-04-30T10:14:20 IST" duration-ms="8265" status="PASS">
          <reporter-output>
          </reporter-output>
        </test-method> <!-- InfoButton -->
        <test-method signature="ExploreButton()[pri:3, instance:org.example.AppTest@34dc85a]" started-at="2023-04-30T10:14:20 IST" name="ExploreButton" finished-at="2023-04-30T10:14:25 IST" duration-ms="5276" status="PASS">
          <reporter-output>
          </reporter-output>
        </test-method> <!-- ExploreButton -->
        <test-method signature="SearchButton()[pri:4, instance:org.example.AppTest@34dc85a]" started-at="2023-04-30T10:14:25 IST" name="SearchButton" finished-at="2023-04-30T10:14:42 IST" duration-ms="16744" status="PASS">
          <reporter-output>
          </reporter-output>
        </test-method> <!-- SearchButton -->
        <test-method signature="MessageButton()[pri:5, instance:org.example.AppTest@34dc85a]" started-at="2023-04-30T10:14:42 IST" name="MessageButton" finished-at="2023-04-30T10:14:55 IST" duration-ms="12372" status="PASS">
          <reporter-output>
          </reporter-output>
        </test-method> <!-- MessageButton -->
        <test-method signature="postButton()[pri:6, instance:org.example.AppTest@34dc85a]" started-at="2023-04-30T10:14:55 IST" name="postButton" finished-at="2023-04-30T10:15:00 IST" duration-ms="5485" status="PASS">
          <reporter-output>
          </reporter-output>
        </test-method> <!-- postButton -->
        <test-method signature="likComm()[pri:7, instance:org.example.AppTest@34dc85a]" started-at="2023-04-30T10:15:00 IST" name="likComm" finished-at="2023-04-30T10:15:02 IST" duration-ms="2252" status="PASS">
          <reporter-output>
          </reporter-output>
        </test-method> <!-- likComm -->
        <test-method signature="Comment()[pri:8, instance:org.example.AppTest@34dc85a]" started-at="2023-04-30T10:15:02 IST" name="Comment" finished-at="2023-04-30T10:15:10 IST" duration-ms="7429" status="PASS">
          <reporter-output>
          </reporter-output>
        </test-method> <!-- Comment -->
        <test-method signature="closeButton()[pri:9, instance:org.example.AppTest@34dc85a]" started-at="2023-04-30T10:15:10 IST" name="closeButton" finished-at="2023-04-30T10:15:10 IST" duration-ms="170" status="PASS">
          <reporter-output>
          </reporter-output>
        </test-method> <!-- closeButton -->
        <test-method signature="more()[pri:10, instance:org.example.AppTest@34dc85a]" started-at="2023-04-30T10:15:10 IST" name="more" finished-at="2023-04-30T10:15:11 IST" duration-ms="1344" status="PASS">
          <reporter-output>
          </reporter-output>
        </test-method> <!-- more -->
        <test-method signature="close()[pri:11, instance:org.example.AppTest@34dc85a]" started-at="2023-04-30T10:15:11 IST" name="close" finished-at="2023-04-30T10:15:12 IST" duration-ms="358" status="PASS">
          <reporter-output>
          </reporter-output>
        </test-method> <!-- close -->
      </class> <!-- org.example.AppTest -->
    </test> <!-- Surefire test -->
  </suite> <!-- Surefire suite -->
</testng-results>
